C:\USERS\OREN ISH SHALOM\GIT\LINEAR_ALGEBRA_MASTER\STEP_5_VISUAL_STUDIO\FLEX_DRIVER\DEBUG\CCL.OBJ
C:\Users\Oren Ish Shalom\GIT\LINEAR_ALGEBRA_MASTER\STEP_5_VISUAL_STUDIO\FLEX_DRIVER\Debug\cl.command.1.tlog
C:\Users\Oren Ish Shalom\GIT\LINEAR_ALGEBRA_MASTER\STEP_5_VISUAL_STUDIO\FLEX_DRIVER\Debug\CL.read.1.tlog
C:\Users\Oren Ish Shalom\GIT\LINEAR_ALGEBRA_MASTER\STEP_5_VISUAL_STUDIO\FLEX_DRIVER\Debug\CL.write.1.tlog
C:\USERS\OREN ISH SHALOM\GIT\LINEAR_ALGEBRA_MASTER\STEP_5_VISUAL_STUDIO\FLEX_DRIVER\DEBUG\DFA.OBJ
C:\USERS\OREN ISH SHALOM\GIT\LINEAR_ALGEBRA_MASTER\STEP_5_VISUAL_STUDIO\FLEX_DRIVER\DEBUG\ECS.OBJ
C:\USERS\OREN ISH SHALOM\GIT\LINEAR_ALGEBRA_MASTER\STEP_5_VISUAL_STUDIO\FLEX_DRIVER\DEBUG\FLEX_DRIVER.EXE
C:\USERS\OREN ISH SHALOM\GIT\LINEAR_ALGEBRA_MASTER\STEP_5_VISUAL_STUDIO\FLEX_DRIVER\DEBUG\FLEX_DRIVER.EXE.EMBED.MANIFEST
C:\USERS\OREN ISH SHALOM\GIT\LINEAR_ALGEBRA_MASTER\STEP_5_VISUAL_STUDIO\FLEX_DRIVER\DEBUG\FLEX_DRIVER.EXE.EMBED.MANIFEST.RES
C:\USERS\OREN ISH SHALOM\GIT\LINEAR_ALGEBRA_MASTER\STEP_5_VISUAL_STUDIO\FLEX_DRIVER\DEBUG\FLEX_DRIVER.EXE.INTERMEDIATE.MANIFEST
C:\USERS\OREN ISH SHALOM\GIT\LINEAR_ALGEBRA_MASTER\STEP_5_VISUAL_STUDIO\FLEX_DRIVER\DEBUG\FLEX_DRIVER.ILK
C:\USERS\OREN ISH SHALOM\GIT\LINEAR_ALGEBRA_MASTER\STEP_5_VISUAL_STUDIO\FLEX_DRIVER\DEBUG\FLEX_DRIVER.PDB
C:\Users\Oren Ish Shalom\GIT\LINEAR_ALGEBRA_MASTER\STEP_5_VISUAL_STUDIO\FLEX_DRIVER\Debug\FLEX_DRIVER.vcxprojResolveAssemblyReference.cache
C:\Users\Oren Ish Shalom\GIT\LINEAR_ALGEBRA_MASTER\STEP_5_VISUAL_STUDIO\FLEX_DRIVER\Debug\FLEX_DRIVER.write.1.tlog
C:\Users\Oren Ish Shalom\GIT\LINEAR_ALGEBRA_MASTER\STEP_5_VISUAL_STUDIO\FLEX_DRIVER\Debug\FLEX_DRIVER_manifest.rc
C:\USERS\OREN ISH SHALOM\GIT\LINEAR_ALGEBRA_MASTER\STEP_5_VISUAL_STUDIO\FLEX_DRIVER\DEBUG\GEN.OBJ
C:\USERS\OREN ISH SHALOM\GIT\LINEAR_ALGEBRA_MASTER\STEP_5_VISUAL_STUDIO\FLEX_DRIVER\DEBUG\INITSCAN.OBJ
C:\Users\Oren Ish Shalom\GIT\LINEAR_ALGEBRA_MASTER\STEP_5_VISUAL_STUDIO\FLEX_DRIVER\Debug\link.18996.read.1.tlog
C:\Users\Oren Ish Shalom\GIT\LINEAR_ALGEBRA_MASTER\STEP_5_VISUAL_STUDIO\FLEX_DRIVER\Debug\link.18996.write.1.tlog
C:\Users\Oren Ish Shalom\GIT\LINEAR_ALGEBRA_MASTER\STEP_5_VISUAL_STUDIO\FLEX_DRIVER\Debug\link.18996-cvtres.read.1.tlog
C:\Users\Oren Ish Shalom\GIT\LINEAR_ALGEBRA_MASTER\STEP_5_VISUAL_STUDIO\FLEX_DRIVER\Debug\link.18996-cvtres.write.1.tlog
C:\Users\Oren Ish Shalom\GIT\LINEAR_ALGEBRA_MASTER\STEP_5_VISUAL_STUDIO\FLEX_DRIVER\Debug\link.command.1.tlog
C:\Users\Oren Ish Shalom\GIT\LINEAR_ALGEBRA_MASTER\STEP_5_VISUAL_STUDIO\FLEX_DRIVER\Debug\link.read.1.tlog
C:\Users\Oren Ish Shalom\GIT\LINEAR_ALGEBRA_MASTER\STEP_5_VISUAL_STUDIO\FLEX_DRIVER\Debug\link.write.1.tlog
C:\Users\Oren Ish Shalom\GIT\LINEAR_ALGEBRA_MASTER\STEP_5_VISUAL_STUDIO\FLEX_DRIVER\Debug\link-cvtres.read.1.tlog
C:\Users\Oren Ish Shalom\GIT\LINEAR_ALGEBRA_MASTER\STEP_5_VISUAL_STUDIO\FLEX_DRIVER\Debug\link-cvtres.write.1.tlog
C:\USERS\OREN ISH SHALOM\GIT\LINEAR_ALGEBRA_MASTER\STEP_5_VISUAL_STUDIO\FLEX_DRIVER\DEBUG\MAIN.OBJ
C:\USERS\OREN ISH SHALOM\GIT\LINEAR_ALGEBRA_MASTER\STEP_5_VISUAL_STUDIO\FLEX_DRIVER\DEBUG\MISC.OBJ
C:\Users\Oren Ish Shalom\GIT\LINEAR_ALGEBRA_MASTER\STEP_5_VISUAL_STUDIO\FLEX_DRIVER\Debug\mt.command.1.tlog
C:\Users\Oren Ish Shalom\GIT\LINEAR_ALGEBRA_MASTER\STEP_5_VISUAL_STUDIO\FLEX_DRIVER\Debug\mt.read.1.tlog
C:\Users\Oren Ish Shalom\GIT\LINEAR_ALGEBRA_MASTER\STEP_5_VISUAL_STUDIO\FLEX_DRIVER\Debug\mt.write.1.tlog
C:\USERS\OREN ISH SHALOM\GIT\LINEAR_ALGEBRA_MASTER\STEP_5_VISUAL_STUDIO\FLEX_DRIVER\DEBUG\NFA.OBJ
C:\USERS\OREN ISH SHALOM\GIT\LINEAR_ALGEBRA_MASTER\STEP_5_VISUAL_STUDIO\FLEX_DRIVER\DEBUG\PARSE.OBJ
C:\Users\Oren Ish Shalom\GIT\LINEAR_ALGEBRA_MASTER\STEP_5_VISUAL_STUDIO\FLEX_DRIVER\Debug\rc.command.1.tlog
C:\Users\Oren Ish Shalom\GIT\LINEAR_ALGEBRA_MASTER\STEP_5_VISUAL_STUDIO\FLEX_DRIVER\Debug\rc.read.1.tlog
C:\Users\Oren Ish Shalom\GIT\LINEAR_ALGEBRA_MASTER\STEP_5_VISUAL_STUDIO\FLEX_DRIVER\Debug\rc.write.1.tlog
C:\USERS\OREN ISH SHALOM\GIT\LINEAR_ALGEBRA_MASTER\STEP_5_VISUAL_STUDIO\FLEX_DRIVER\DEBUG\SKEL.OBJ
C:\USERS\OREN ISH SHALOM\GIT\LINEAR_ALGEBRA_MASTER\STEP_5_VISUAL_STUDIO\FLEX_DRIVER\DEBUG\SYM.OBJ
C:\USERS\OREN ISH SHALOM\GIT\LINEAR_ALGEBRA_MASTER\STEP_5_VISUAL_STUDIO\FLEX_DRIVER\DEBUG\TBLCMP.OBJ
C:\Users\Oren Ish Shalom\GIT\LINEAR_ALGEBRA_MASTER\STEP_5_VISUAL_STUDIO\FLEX_DRIVER\Debug\vc100.idb
C:\USERS\OREN ISH SHALOM\GIT\LINEAR_ALGEBRA_MASTER\STEP_5_VISUAL_STUDIO\FLEX_DRIVER\DEBUG\VC100.PDB
C:\USERS\OREN ISH SHALOM\GIT\LINEAR_ALGEBRA_MASTER\STEP_5_VISUAL_STUDIO\FLEX_DRIVER\DEBUG\YYLEX.OBJ
