c:\users\oren ish shalom\documents\job\mta\2012-2013\2013_february_26\compilation\step_05_bottom_up_parser_bison\bison\debug\getopt.obj
c:\users\oren ish shalom\documents\job\mta\2012-2013\2013_february_26\compilation\step_05_bottom_up_parser_bison\bison\debug\getopt1.obj
c:\users\oren ish shalom\documents\job\mta\2012-2013\2013_february_26\compilation\step_05_bottom_up_parser_bison\bison\debug\gram.obj
c:\users\oren ish shalom\documents\job\mta\2012-2013\2013_february_26\compilation\step_05_bottom_up_parser_bison\bison\debug\version.obj
c:\users\oren ish shalom\documents\job\mta\2012-2013\2013_february_26\compilation\step_05_bottom_up_parser_bison\bison\debug\alloca.obj
c:\users\oren ish shalom\documents\job\mta\2012-2013\2013_february_26\compilation\step_05_bottom_up_parser_bison\bison\debug\allocate.obj
c:\users\oren ish shalom\documents\job\mta\2012-2013\2013_february_26\compilation\step_05_bottom_up_parser_bison\bison\debug\closure.obj
c:\users\oren ish shalom\documents\job\mta\2012-2013\2013_february_26\compilation\step_05_bottom_up_parser_bison\bison\debug\conflicts.obj
c:\users\oren ish shalom\documents\job\mta\2012-2013\2013_february_26\compilation\step_05_bottom_up_parser_bison\bison\debug\derives.obj
c:\users\oren ish shalom\documents\job\mta\2012-2013\2013_february_26\compilation\step_05_bottom_up_parser_bison\bison\debug\files.obj
c:\users\oren ish shalom\documents\job\mta\2012-2013\2013_february_26\compilation\step_05_bottom_up_parser_bison\bison\debug\getargs.obj
c:\users\oren ish shalom\documents\job\mta\2012-2013\2013_february_26\compilation\step_05_bottom_up_parser_bison\bison\debug\lalr.obj
c:\users\oren ish shalom\documents\job\mta\2012-2013\2013_february_26\compilation\step_05_bottom_up_parser_bison\bison\debug\lex.obj
c:\users\oren ish shalom\documents\job\mta\2012-2013\2013_february_26\compilation\step_05_bottom_up_parser_bison\bison\debug\lr0.obj
c:\users\oren ish shalom\documents\job\mta\2012-2013\2013_february_26\compilation\step_05_bottom_up_parser_bison\bison\debug\main.obj
c:\users\oren ish shalom\documents\job\mta\2012-2013\2013_february_26\compilation\step_05_bottom_up_parser_bison\bison\debug\nullable.obj
c:\users\oren ish shalom\documents\job\mta\2012-2013\2013_february_26\compilation\step_05_bottom_up_parser_bison\bison\debug\output.obj
c:\users\oren ish shalom\documents\job\mta\2012-2013\2013_february_26\compilation\step_05_bottom_up_parser_bison\bison\debug\print.obj
c:\users\oren ish shalom\documents\job\mta\2012-2013\2013_february_26\compilation\step_05_bottom_up_parser_bison\bison\debug\reader.obj
c:\users\oren ish shalom\documents\job\mta\2012-2013\2013_february_26\compilation\step_05_bottom_up_parser_bison\bison\debug\reduce.obj
c:\users\oren ish shalom\documents\job\mta\2012-2013\2013_february_26\compilation\step_05_bottom_up_parser_bison\bison\debug\symtab.obj
c:\users\oren ish shalom\documents\job\mta\2012-2013\2013_february_26\compilation\step_05_bottom_up_parser_bison\bison\debug\warshall.obj
c:\users\oren ish shalom\documents\job\mta\2012-2013\2013_february_26\compilation\step_05_bottom_up_parser_bison\bison\debug\vc100.pdb
c:\users\oren ish shalom\documents\job\mta\2012-2013\2013_february_26\compilation\step_06_semantic_analysis\semantic_analysis_calculator\bison\debug\closure.obj
c:\users\oren ish shalom\documents\job\mta\2012-2013\2013_february_26\compilation\step_06_semantic_analysis\semantic_analysis_calculator\bison\debug\conflicts.obj
c:\users\oren ish shalom\documents\job\mta\2012-2013\2013_february_26\compilation\step_06_semantic_analysis\semantic_analysis_calculator\bison\debug\derives.obj
c:\users\oren ish shalom\documents\job\mta\2012-2013\2013_february_26\compilation\step_06_semantic_analysis\semantic_analysis_calculator\bison\debug\files.obj
c:\users\oren ish shalom\documents\job\mta\2012-2013\2013_february_26\compilation\step_06_semantic_analysis\semantic_analysis_calculator\bison\debug\getargs.obj
c:\users\oren ish shalom\documents\job\mta\2012-2013\2013_february_26\compilation\step_06_semantic_analysis\semantic_analysis_calculator\bison\debug\getopt.obj
c:\users\oren ish shalom\documents\job\mta\2012-2013\2013_february_26\compilation\step_06_semantic_analysis\semantic_analysis_calculator\bison\debug\getopt1.obj
c:\users\oren ish shalom\documents\job\mta\2012-2013\2013_february_26\compilation\step_06_semantic_analysis\semantic_analysis_calculator\bison\debug\gram.obj
c:\users\oren ish shalom\documents\job\mta\2012-2013\2013_february_26\compilation\step_06_semantic_analysis\semantic_analysis_calculator\bison\debug\lalr.obj
c:\users\oren ish shalom\documents\job\mta\2012-2013\2013_february_26\compilation\step_06_semantic_analysis\semantic_analysis_calculator\bison\debug\lex.obj
c:\users\oren ish shalom\documents\job\mta\2012-2013\2013_february_26\compilation\step_06_semantic_analysis\semantic_analysis_calculator\bison\debug\lr0.obj
c:\users\oren ish shalom\documents\job\mta\2012-2013\2013_february_26\compilation\step_06_semantic_analysis\semantic_analysis_calculator\bison\debug\main.obj
c:\users\oren ish shalom\documents\job\mta\2012-2013\2013_february_26\compilation\step_06_semantic_analysis\semantic_analysis_calculator\bison\debug\nullable.obj
c:\users\oren ish shalom\documents\job\mta\2012-2013\2013_february_26\compilation\step_06_semantic_analysis\semantic_analysis_calculator\bison\debug\output.obj
c:\users\oren ish shalom\documents\job\mta\2012-2013\2013_february_26\compilation\step_06_semantic_analysis\semantic_analysis_calculator\bison\debug\print.obj
c:\users\oren ish shalom\documents\job\mta\2012-2013\2013_february_26\compilation\step_06_semantic_analysis\semantic_analysis_calculator\bison\debug\reader.obj
c:\users\oren ish shalom\documents\job\mta\2012-2013\2013_february_26\compilation\step_06_semantic_analysis\semantic_analysis_calculator\bison\debug\reduce.obj
c:\users\oren ish shalom\documents\job\mta\2012-2013\2013_february_26\compilation\step_06_semantic_analysis\semantic_analysis_calculator\bison\debug\symtab.obj
c:\users\oren ish shalom\documents\job\mta\2012-2013\2013_february_26\compilation\step_06_semantic_analysis\semantic_analysis_calculator\bison\debug\version.obj
c:\users\oren ish shalom\documents\job\mta\2012-2013\2013_february_26\compilation\step_06_semantic_analysis\semantic_analysis_calculator\bison\debug\warshall.obj
c:\users\oren ish shalom\documents\job\mta\2012-2013\2013_february_26\compilation\step_06_semantic_analysis\semantic_analysis_calculator\bison\debug\alloca.obj
c:\users\oren ish shalom\documents\job\mta\2012-2013\2013_february_26\compilation\step_06_semantic_analysis\semantic_analysis_calculator\bison\debug\allocate.obj
c:\users\oren ish shalom\documents\job\mta\2012-2013\2013_february_26\compilation\step_06_semantic_analysis\semantic_analysis_calculator\bison\debug\vc100.pdb
c:\users\oren ish shalom\documents\job\mta\2012-2013\2013_february_26\compilation\step_06_semantic_analysis\semantic_analysis_tiger\bison\debug\closure.obj
c:\users\oren ish shalom\documents\job\mta\2012-2013\2013_february_26\compilation\step_06_semantic_analysis\semantic_analysis_tiger\bison\debug\conflicts.obj
c:\users\oren ish shalom\documents\job\mta\2012-2013\2013_february_26\compilation\step_06_semantic_analysis\semantic_analysis_tiger\bison\debug\derives.obj
c:\users\oren ish shalom\documents\job\mta\2012-2013\2013_february_26\compilation\step_06_semantic_analysis\semantic_analysis_tiger\bison\debug\files.obj
c:\users\oren ish shalom\documents\job\mta\2012-2013\2013_february_26\compilation\step_06_semantic_analysis\semantic_analysis_tiger\bison\debug\getargs.obj
c:\users\oren ish shalom\documents\job\mta\2012-2013\2013_february_26\compilation\step_06_semantic_analysis\semantic_analysis_tiger\bison\debug\getopt.obj
c:\users\oren ish shalom\documents\job\mta\2012-2013\2013_february_26\compilation\step_06_semantic_analysis\semantic_analysis_tiger\bison\debug\getopt1.obj
c:\users\oren ish shalom\documents\job\mta\2012-2013\2013_february_26\compilation\step_06_semantic_analysis\semantic_analysis_tiger\bison\debug\gram.obj
c:\users\oren ish shalom\documents\job\mta\2012-2013\2013_february_26\compilation\step_06_semantic_analysis\semantic_analysis_tiger\bison\debug\lalr.obj
c:\users\oren ish shalom\documents\job\mta\2012-2013\2013_february_26\compilation\step_06_semantic_analysis\semantic_analysis_tiger\bison\debug\lex.obj
c:\users\oren ish shalom\documents\job\mta\2012-2013\2013_february_26\compilation\step_06_semantic_analysis\semantic_analysis_tiger\bison\debug\lr0.obj
c:\users\oren ish shalom\documents\job\mta\2012-2013\2013_february_26\compilation\step_06_semantic_analysis\semantic_analysis_tiger\bison\debug\main.obj
c:\users\oren ish shalom\documents\job\mta\2012-2013\2013_february_26\compilation\step_06_semantic_analysis\semantic_analysis_tiger\bison\debug\nullable.obj
c:\users\oren ish shalom\documents\job\mta\2012-2013\2013_february_26\compilation\step_06_semantic_analysis\semantic_analysis_tiger\bison\debug\output.obj
c:\users\oren ish shalom\documents\job\mta\2012-2013\2013_february_26\compilation\step_06_semantic_analysis\semantic_analysis_tiger\bison\debug\print.obj
c:\users\oren ish shalom\documents\job\mta\2012-2013\2013_february_26\compilation\step_06_semantic_analysis\semantic_analysis_tiger\bison\debug\reader.obj
c:\users\oren ish shalom\documents\job\mta\2012-2013\2013_february_26\compilation\step_06_semantic_analysis\semantic_analysis_tiger\bison\debug\reduce.obj
c:\users\oren ish shalom\documents\job\mta\2012-2013\2013_february_26\compilation\step_06_semantic_analysis\semantic_analysis_tiger\bison\debug\symtab.obj
c:\users\oren ish shalom\documents\job\mta\2012-2013\2013_february_26\compilation\step_06_semantic_analysis\semantic_analysis_tiger\bison\debug\version.obj
c:\users\oren ish shalom\documents\job\mta\2012-2013\2013_february_26\compilation\step_06_semantic_analysis\semantic_analysis_tiger\bison\debug\warshall.obj
c:\users\oren ish shalom\documents\job\mta\2012-2013\2013_february_26\compilation\step_06_semantic_analysis\semantic_analysis_tiger\bison\debug\alloca.obj
c:\users\oren ish shalom\documents\job\mta\2012-2013\2013_february_26\compilation\step_06_semantic_analysis\semantic_analysis_tiger\bison\debug\allocate.obj
c:\users\oren ish shalom\documents\job\mta\2012-2013\2013_february_26\compilation\step_06_semantic_analysis\semantic_analysis_tiger\bison\debug\vc100.pdb
c:\users\oren ish shalom\documents\job\mta\2012-2013\2013_february_26\compilation\step_07_intermediate_representation\semantic_analysis_tiger\bison\debug\closure.obj
c:\users\oren ish shalom\documents\job\mta\2012-2013\2013_february_26\compilation\step_07_intermediate_representation\semantic_analysis_tiger\bison\debug\conflicts.obj
c:\users\oren ish shalom\documents\job\mta\2012-2013\2013_february_26\compilation\step_07_intermediate_representation\semantic_analysis_tiger\bison\debug\derives.obj
c:\users\oren ish shalom\documents\job\mta\2012-2013\2013_february_26\compilation\step_07_intermediate_representation\semantic_analysis_tiger\bison\debug\files.obj
c:\users\oren ish shalom\documents\job\mta\2012-2013\2013_february_26\compilation\step_07_intermediate_representation\semantic_analysis_tiger\bison\debug\getargs.obj
c:\users\oren ish shalom\documents\job\mta\2012-2013\2013_february_26\compilation\step_07_intermediate_representation\semantic_analysis_tiger\bison\debug\getopt.obj
c:\users\oren ish shalom\documents\job\mta\2012-2013\2013_february_26\compilation\step_07_intermediate_representation\semantic_analysis_tiger\bison\debug\getopt1.obj
c:\users\oren ish shalom\documents\job\mta\2012-2013\2013_february_26\compilation\step_07_intermediate_representation\semantic_analysis_tiger\bison\debug\gram.obj
c:\users\oren ish shalom\documents\job\mta\2012-2013\2013_february_26\compilation\step_07_intermediate_representation\semantic_analysis_tiger\bison\debug\lalr.obj
c:\users\oren ish shalom\documents\job\mta\2012-2013\2013_february_26\compilation\step_07_intermediate_representation\semantic_analysis_tiger\bison\debug\lex.obj
c:\users\oren ish shalom\documents\job\mta\2012-2013\2013_february_26\compilation\step_07_intermediate_representation\semantic_analysis_tiger\bison\debug\lr0.obj
c:\users\oren ish shalom\documents\job\mta\2012-2013\2013_february_26\compilation\step_07_intermediate_representation\semantic_analysis_tiger\bison\debug\main.obj
c:\users\oren ish shalom\documents\job\mta\2012-2013\2013_february_26\compilation\step_07_intermediate_representation\semantic_analysis_tiger\bison\debug\nullable.obj
c:\users\oren ish shalom\documents\job\mta\2012-2013\2013_february_26\compilation\step_07_intermediate_representation\semantic_analysis_tiger\bison\debug\output.obj
c:\users\oren ish shalom\documents\job\mta\2012-2013\2013_february_26\compilation\step_07_intermediate_representation\semantic_analysis_tiger\bison\debug\print.obj
c:\users\oren ish shalom\documents\job\mta\2012-2013\2013_february_26\compilation\step_07_intermediate_representation\semantic_analysis_tiger\bison\debug\reader.obj
c:\users\oren ish shalom\documents\job\mta\2012-2013\2013_february_26\compilation\step_07_intermediate_representation\semantic_analysis_tiger\bison\debug\reduce.obj
c:\users\oren ish shalom\documents\job\mta\2012-2013\2013_february_26\compilation\step_07_intermediate_representation\semantic_analysis_tiger\bison\debug\symtab.obj
c:\users\oren ish shalom\documents\job\mta\2012-2013\2013_february_26\compilation\step_07_intermediate_representation\semantic_analysis_tiger\bison\debug\version.obj
c:\users\oren ish shalom\documents\job\mta\2012-2013\2013_february_26\compilation\step_07_intermediate_representation\semantic_analysis_tiger\bison\debug\warshall.obj
c:\users\oren ish shalom\documents\job\mta\2012-2013\2013_february_26\compilation\step_07_intermediate_representation\semantic_analysis_tiger\bison\debug\alloca.obj
c:\users\oren ish shalom\documents\job\mta\2012-2013\2013_february_26\compilation\step_07_intermediate_representation\semantic_analysis_tiger\bison\debug\allocate.obj
c:\users\oren ish shalom\documents\job\mta\2012-2013\2013_february_26\compilation\step_07_intermediate_representation\semantic_analysis_tiger\bison\debug\vc100.pdb
c:\users\oren ish shalom\documents\job\mta\2012-2013\2013_february_26\compilation\step_08_code_generation\semantic_analysis_tiger\bison\debug\closure.obj
c:\users\oren ish shalom\documents\job\mta\2012-2013\2013_february_26\compilation\step_08_code_generation\semantic_analysis_tiger\bison\debug\conflicts.obj
c:\users\oren ish shalom\documents\job\mta\2012-2013\2013_february_26\compilation\step_08_code_generation\semantic_analysis_tiger\bison\debug\derives.obj
c:\users\oren ish shalom\documents\job\mta\2012-2013\2013_february_26\compilation\step_08_code_generation\semantic_analysis_tiger\bison\debug\files.obj
c:\users\oren ish shalom\documents\job\mta\2012-2013\2013_february_26\compilation\step_08_code_generation\semantic_analysis_tiger\bison\debug\getargs.obj
c:\users\oren ish shalom\documents\job\mta\2012-2013\2013_february_26\compilation\step_08_code_generation\semantic_analysis_tiger\bison\debug\getopt.obj
c:\users\oren ish shalom\documents\job\mta\2012-2013\2013_february_26\compilation\step_08_code_generation\semantic_analysis_tiger\bison\debug\getopt1.obj
c:\users\oren ish shalom\documents\job\mta\2012-2013\2013_february_26\compilation\step_08_code_generation\semantic_analysis_tiger\bison\debug\gram.obj
c:\users\oren ish shalom\documents\job\mta\2012-2013\2013_february_26\compilation\step_08_code_generation\semantic_analysis_tiger\bison\debug\lalr.obj
c:\users\oren ish shalom\documents\job\mta\2012-2013\2013_february_26\compilation\step_08_code_generation\semantic_analysis_tiger\bison\debug\lex.obj
c:\users\oren ish shalom\documents\job\mta\2012-2013\2013_february_26\compilation\step_08_code_generation\semantic_analysis_tiger\bison\debug\lr0.obj
c:\users\oren ish shalom\documents\job\mta\2012-2013\2013_february_26\compilation\step_08_code_generation\semantic_analysis_tiger\bison\debug\main.obj
c:\users\oren ish shalom\documents\job\mta\2012-2013\2013_february_26\compilation\step_08_code_generation\semantic_analysis_tiger\bison\debug\nullable.obj
c:\users\oren ish shalom\documents\job\mta\2012-2013\2013_february_26\compilation\step_08_code_generation\semantic_analysis_tiger\bison\debug\output.obj
c:\users\oren ish shalom\documents\job\mta\2012-2013\2013_february_26\compilation\step_08_code_generation\semantic_analysis_tiger\bison\debug\print.obj
c:\users\oren ish shalom\documents\job\mta\2012-2013\2013_february_26\compilation\step_08_code_generation\semantic_analysis_tiger\bison\debug\reader.obj
c:\users\oren ish shalom\documents\job\mta\2012-2013\2013_february_26\compilation\step_08_code_generation\semantic_analysis_tiger\bison\debug\reduce.obj
c:\users\oren ish shalom\documents\job\mta\2012-2013\2013_february_26\compilation\step_08_code_generation\semantic_analysis_tiger\bison\debug\symtab.obj
c:\users\oren ish shalom\documents\job\mta\2012-2013\2013_february_26\compilation\step_08_code_generation\semantic_analysis_tiger\bison\debug\version.obj
c:\users\oren ish shalom\documents\job\mta\2012-2013\2013_february_26\compilation\step_08_code_generation\semantic_analysis_tiger\bison\debug\warshall.obj
c:\users\oren ish shalom\documents\job\mta\2012-2013\2013_february_26\compilation\step_08_code_generation\semantic_analysis_tiger\bison\debug\alloca.obj
c:\users\oren ish shalom\documents\job\mta\2012-2013\2013_february_26\compilation\step_08_code_generation\semantic_analysis_tiger\bison\debug\allocate.obj
c:\users\oren ish shalom\documents\job\mta\2012-2013\2013_february_26\compilation\step_08_code_generation\semantic_analysis_tiger\bison\debug\vc100.pdb
c:\users\oren ish shalom\documents\job\mta\2012-2013\2013_february_26\compilation\step_09_code_generation_verification\verifycodegeneration\bison\debug\closure.obj
c:\users\oren ish shalom\documents\job\mta\2012-2013\2013_february_26\compilation\step_09_code_generation_verification\verifycodegeneration\bison\debug\conflicts.obj
c:\users\oren ish shalom\documents\job\mta\2012-2013\2013_february_26\compilation\step_09_code_generation_verification\verifycodegeneration\bison\debug\derives.obj
c:\users\oren ish shalom\documents\job\mta\2012-2013\2013_february_26\compilation\step_09_code_generation_verification\verifycodegeneration\bison\debug\files.obj
c:\users\oren ish shalom\documents\job\mta\2012-2013\2013_february_26\compilation\step_09_code_generation_verification\verifycodegeneration\bison\debug\getargs.obj
c:\users\oren ish shalom\documents\job\mta\2012-2013\2013_february_26\compilation\step_09_code_generation_verification\verifycodegeneration\bison\debug\getopt.obj
c:\users\oren ish shalom\documents\job\mta\2012-2013\2013_february_26\compilation\step_09_code_generation_verification\verifycodegeneration\bison\debug\getopt1.obj
c:\users\oren ish shalom\documents\job\mta\2012-2013\2013_february_26\compilation\step_09_code_generation_verification\verifycodegeneration\bison\debug\gram.obj
c:\users\oren ish shalom\documents\job\mta\2012-2013\2013_february_26\compilation\step_09_code_generation_verification\verifycodegeneration\bison\debug\lalr.obj
c:\users\oren ish shalom\documents\job\mta\2012-2013\2013_february_26\compilation\step_09_code_generation_verification\verifycodegeneration\bison\debug\lex.obj
c:\users\oren ish shalom\documents\job\mta\2012-2013\2013_february_26\compilation\step_09_code_generation_verification\verifycodegeneration\bison\debug\lr0.obj
c:\users\oren ish shalom\documents\job\mta\2012-2013\2013_february_26\compilation\step_09_code_generation_verification\verifycodegeneration\bison\debug\main.obj
c:\users\oren ish shalom\documents\job\mta\2012-2013\2013_february_26\compilation\step_09_code_generation_verification\verifycodegeneration\bison\debug\nullable.obj
c:\users\oren ish shalom\documents\job\mta\2012-2013\2013_february_26\compilation\step_09_code_generation_verification\verifycodegeneration\bison\debug\output.obj
c:\users\oren ish shalom\documents\job\mta\2012-2013\2013_february_26\compilation\step_09_code_generation_verification\verifycodegeneration\bison\debug\print.obj
c:\users\oren ish shalom\documents\job\mta\2012-2013\2013_february_26\compilation\step_09_code_generation_verification\verifycodegeneration\bison\debug\reader.obj
c:\users\oren ish shalom\documents\job\mta\2012-2013\2013_february_26\compilation\step_09_code_generation_verification\verifycodegeneration\bison\debug\reduce.obj
c:\users\oren ish shalom\documents\job\mta\2012-2013\2013_february_26\compilation\step_09_code_generation_verification\verifycodegeneration\bison\debug\symtab.obj
c:\users\oren ish shalom\documents\job\mta\2012-2013\2013_february_26\compilation\step_09_code_generation_verification\verifycodegeneration\bison\debug\version.obj
c:\users\oren ish shalom\documents\job\mta\2012-2013\2013_february_26\compilation\step_09_code_generation_verification\verifycodegeneration\bison\debug\warshall.obj
c:\users\oren ish shalom\documents\job\mta\2012-2013\2013_february_26\compilation\step_09_code_generation_verification\verifycodegeneration\bison\debug\alloca.obj
c:\users\oren ish shalom\documents\job\mta\2012-2013\2013_february_26\compilation\step_09_code_generation_verification\verifycodegeneration\bison\debug\allocate.obj
c:\users\oren ish shalom\documents\job\mta\2012-2013\2013_february_26\compilation\step_09_code_generation_verification\verifycodegeneration\bison\debug\vc100.pdb
c:\users\oren ish shalom\documents\job\mta\2014-2015\semester_01\compilation\compilation_for_lecturer\bison\bison_04_for_code_generation\bison\debug\closure.obj
c:\users\oren ish shalom\documents\job\mta\2014-2015\semester_01\compilation\compilation_for_lecturer\bison\bison_04_for_code_generation\bison\debug\conflicts.obj
c:\users\oren ish shalom\documents\job\mta\2014-2015\semester_01\compilation\compilation_for_lecturer\bison\bison_04_for_code_generation\bison\debug\derives.obj
c:\users\oren ish shalom\documents\job\mta\2014-2015\semester_01\compilation\compilation_for_lecturer\bison\bison_04_for_code_generation\bison\debug\files.obj
c:\users\oren ish shalom\documents\job\mta\2014-2015\semester_01\compilation\compilation_for_lecturer\bison\bison_04_for_code_generation\bison\debug\getargs.obj
c:\users\oren ish shalom\documents\job\mta\2014-2015\semester_01\compilation\compilation_for_lecturer\bison\bison_04_for_code_generation\bison\debug\getopt.obj
c:\users\oren ish shalom\documents\job\mta\2014-2015\semester_01\compilation\compilation_for_lecturer\bison\bison_04_for_code_generation\bison\debug\getopt1.obj
c:\users\oren ish shalom\documents\job\mta\2014-2015\semester_01\compilation\compilation_for_lecturer\bison\bison_04_for_code_generation\bison\debug\gram.obj
c:\users\oren ish shalom\documents\job\mta\2014-2015\semester_01\compilation\compilation_for_lecturer\bison\bison_04_for_code_generation\bison\debug\lalr.obj
c:\users\oren ish shalom\documents\job\mta\2014-2015\semester_01\compilation\compilation_for_lecturer\bison\bison_04_for_code_generation\bison\debug\lex.obj
c:\users\oren ish shalom\documents\job\mta\2014-2015\semester_01\compilation\compilation_for_lecturer\bison\bison_04_for_code_generation\bison\debug\lr0.obj
c:\users\oren ish shalom\documents\job\mta\2014-2015\semester_01\compilation\compilation_for_lecturer\bison\bison_04_for_code_generation\bison\debug\main.obj
c:\users\oren ish shalom\documents\job\mta\2014-2015\semester_01\compilation\compilation_for_lecturer\bison\bison_04_for_code_generation\bison\debug\nullable.obj
c:\users\oren ish shalom\documents\job\mta\2014-2015\semester_01\compilation\compilation_for_lecturer\bison\bison_04_for_code_generation\bison\debug\output.obj
c:\users\oren ish shalom\documents\job\mta\2014-2015\semester_01\compilation\compilation_for_lecturer\bison\bison_04_for_code_generation\bison\debug\print.obj
c:\users\oren ish shalom\documents\job\mta\2014-2015\semester_01\compilation\compilation_for_lecturer\bison\bison_04_for_code_generation\bison\debug\reader.obj
c:\users\oren ish shalom\documents\job\mta\2014-2015\semester_01\compilation\compilation_for_lecturer\bison\bison_04_for_code_generation\bison\debug\reduce.obj
c:\users\oren ish shalom\documents\job\mta\2014-2015\semester_01\compilation\compilation_for_lecturer\bison\bison_04_for_code_generation\bison\debug\symtab.obj
c:\users\oren ish shalom\documents\job\mta\2014-2015\semester_01\compilation\compilation_for_lecturer\bison\bison_04_for_code_generation\bison\debug\version.obj
c:\users\oren ish shalom\documents\job\mta\2014-2015\semester_01\compilation\compilation_for_lecturer\bison\bison_04_for_code_generation\bison\debug\warshall.obj
c:\users\oren ish shalom\documents\job\mta\2014-2015\semester_01\compilation\compilation_for_lecturer\bison\bison_04_for_code_generation\bison\debug\alloca.obj
c:\users\oren ish shalom\documents\job\mta\2014-2015\semester_01\compilation\compilation_for_lecturer\bison\bison_04_for_code_generation\bison\debug\allocate.obj
c:\users\oren ish shalom\documents\job\mta\2014-2015\semester_01\compilation\compilation_for_lecturer\bison\bison_04_for_code_generation\bison\debug\vc100.pdb
c:\users\oren ish shalom\documents\job\mta\2012-2013\2013_february_26\compilation\step_05_bottom_up_parser_bison\bison\debug\bison.ilk
c:\users\oren ish shalom\documents\job\mta\2012-2013\2013_february_26\compilation\step_05_bottom_up_parser_bison\bison\debug\bison.exe
c:\users\oren ish shalom\documents\job\mta\2012-2013\2013_february_26\compilation\step_05_bottom_up_parser_bison\bison\debug\bison.exe.intermediate.manifest
c:\users\oren ish shalom\documents\job\mta\2012-2013\2013_february_26\compilation\step_05_bottom_up_parser_bison\bison\debug\bison.pdb
c:\users\oren ish shalom\documents\job\mta\2012-2013\2013_february_26\compilation\step_06_semantic_analysis\semantic_analysis_calculator\bison\debug\bison.ilk
c:\users\oren ish shalom\documents\job\mta\2012-2013\2013_february_26\compilation\step_06_semantic_analysis\semantic_analysis_calculator\bison\debug\bison.exe
c:\users\oren ish shalom\documents\job\mta\2012-2013\2013_february_26\compilation\step_06_semantic_analysis\semantic_analysis_calculator\bison\debug\bison.exe.intermediate.manifest
c:\users\oren ish shalom\documents\job\mta\2012-2013\2013_february_26\compilation\step_06_semantic_analysis\semantic_analysis_calculator\bison\debug\bison.pdb
c:\users\oren ish shalom\documents\job\mta\2012-2013\2013_february_26\compilation\step_06_semantic_analysis\semantic_analysis_tiger\bison\debug\bison.ilk
c:\users\oren ish shalom\documents\job\mta\2012-2013\2013_february_26\compilation\step_06_semantic_analysis\semantic_analysis_tiger\bison\debug\bison.exe
c:\users\oren ish shalom\documents\job\mta\2012-2013\2013_february_26\compilation\step_06_semantic_analysis\semantic_analysis_tiger\bison\debug\bison.exe.intermediate.manifest
c:\users\oren ish shalom\documents\job\mta\2012-2013\2013_february_26\compilation\step_06_semantic_analysis\semantic_analysis_tiger\bison\debug\bison.pdb
c:\users\oren ish shalom\documents\job\mta\2012-2013\2013_february_26\compilation\step_07_intermediate_representation\semantic_analysis_tiger\bison\debug\bison.ilk
c:\users\oren ish shalom\documents\job\mta\2012-2013\2013_february_26\compilation\step_07_intermediate_representation\semantic_analysis_tiger\bison\debug\bison.exe
c:\users\oren ish shalom\documents\job\mta\2012-2013\2013_february_26\compilation\step_07_intermediate_representation\semantic_analysis_tiger\bison\debug\bison.exe.intermediate.manifest
c:\users\oren ish shalom\documents\job\mta\2012-2013\2013_february_26\compilation\step_07_intermediate_representation\semantic_analysis_tiger\bison\debug\bison.pdb
c:\users\oren ish shalom\documents\job\mta\2012-2013\2013_february_26\compilation\step_08_code_generation\semantic_analysis_tiger\bison\debug\bison.ilk
c:\users\oren ish shalom\documents\job\mta\2012-2013\2013_february_26\compilation\step_08_code_generation\semantic_analysis_tiger\bison\debug\bison.exe
c:\users\oren ish shalom\documents\job\mta\2012-2013\2013_february_26\compilation\step_08_code_generation\semantic_analysis_tiger\bison\debug\bison.exe.intermediate.manifest
c:\users\oren ish shalom\documents\job\mta\2012-2013\2013_february_26\compilation\step_08_code_generation\semantic_analysis_tiger\bison\debug\bison.pdb
c:\users\oren ish shalom\documents\job\mta\2012-2013\2013_february_26\compilation\step_09_code_generation_verification\verifycodegeneration\bison\debug\bison.ilk
c:\users\oren ish shalom\documents\job\mta\2012-2013\2013_february_26\compilation\step_09_code_generation_verification\verifycodegeneration\bison\debug\bison.exe
c:\users\oren ish shalom\documents\job\mta\2012-2013\2013_february_26\compilation\step_09_code_generation_verification\verifycodegeneration\bison\debug\bison.exe.intermediate.manifest
c:\users\oren ish shalom\documents\job\mta\2012-2013\2013_february_26\compilation\step_09_code_generation_verification\verifycodegeneration\bison\debug\bison.pdb
c:\users\oren ish shalom\documents\job\mta\2014-2015\semester_01\compilation\compilation_for_lecturer\bison\bison_04_for_code_generation\bison\debug\bison.exe
c:\users\oren ish shalom\documents\job\mta\2014-2015\semester_01\compilation\compilation_for_lecturer\bison\bison_04_for_code_generation\bison\debug\bison.exe.intermediate.manifest
c:\users\oren ish shalom\documents\job\mta\2014-2015\semester_01\compilation\compilation_for_lecturer\bison\bison_04_for_code_generation\bison\debug\bison.pdb
c:\users\oren ish shalom\documents\job\mta\2012-2013\2013_february_26\compilation\step_05_bottom_up_parser_bison\bison\debug\bison.exe.embed.manifest
c:\users\oren ish shalom\documents\job\mta\2012-2013\2013_february_26\compilation\step_05_bottom_up_parser_bison\bison\debug\bison.exe.embed.manifest.res
c:\users\oren ish shalom\documents\job\mta\2012-2013\2013_february_26\compilation\step_06_semantic_analysis\semantic_analysis_calculator\bison\debug\bison.exe.embed.manifest.res
c:\users\oren ish shalom\documents\job\mta\2012-2013\2013_february_26\compilation\step_06_semantic_analysis\semantic_analysis_tiger\bison\debug\bison.exe.embed.manifest.res
c:\users\oren ish shalom\documents\job\mta\2012-2013\2013_february_26\compilation\step_07_intermediate_representation\semantic_analysis_tiger\bison\debug\bison.exe.embed.manifest.res
c:\users\oren ish shalom\documents\job\mta\2012-2013\2013_february_26\compilation\step_08_code_generation\semantic_analysis_tiger\bison\debug\bison.exe.embed.manifest.res
c:\users\oren ish shalom\documents\job\mta\2012-2013\2013_february_26\compilation\step_09_code_generation_verification\verifycodegeneration\bison\debug\bison.exe.embed.manifest.res
c:\users\oren ish shalom\documents\job\mta\2014-2015\semester_01\compilation\compilation_for_lecturer\bison\bison_04_for_code_generation\bison\debug\bison.exe.embed.manifest.res
c:\users\oren ish shalom\git\linear_algebra_master\step_4_check_exercises\step_4a_matrix_reader\bison\debug\bison.vcxprojresolveassemblyreference.cache
c:\users\oren ish shalom\git\linear_algebra_master\step_4_check_exercises\step_4a_matrix_reader\bison\debug\alloca.obj
c:\users\oren ish shalom\git\linear_algebra_master\step_4_check_exercises\step_4a_matrix_reader\bison\debug\allocate.obj
c:\users\oren ish shalom\git\linear_algebra_master\step_4_check_exercises\step_4a_matrix_reader\bison\debug\closure.obj
c:\users\oren ish shalom\git\linear_algebra_master\step_4_check_exercises\step_4a_matrix_reader\bison\debug\conflicts.obj
c:\users\oren ish shalom\git\linear_algebra_master\step_4_check_exercises\step_4a_matrix_reader\bison\debug\derives.obj
c:\users\oren ish shalom\git\linear_algebra_master\step_4_check_exercises\step_4a_matrix_reader\bison\debug\files.obj
c:\users\oren ish shalom\git\linear_algebra_master\step_4_check_exercises\step_4a_matrix_reader\bison\debug\getargs.obj
c:\users\oren ish shalom\git\linear_algebra_master\step_4_check_exercises\step_4a_matrix_reader\bison\debug\getopt.obj
c:\users\oren ish shalom\git\linear_algebra_master\step_4_check_exercises\step_4a_matrix_reader\bison\debug\getopt1.obj
c:\users\oren ish shalom\git\linear_algebra_master\step_4_check_exercises\step_4a_matrix_reader\bison\debug\gram.obj
c:\users\oren ish shalom\git\linear_algebra_master\step_4_check_exercises\step_4a_matrix_reader\bison\debug\lalr.obj
c:\users\oren ish shalom\git\linear_algebra_master\step_4_check_exercises\step_4a_matrix_reader\bison\debug\lex.obj
c:\users\oren ish shalom\git\linear_algebra_master\step_4_check_exercises\step_4a_matrix_reader\bison\debug\lr0.obj
c:\users\oren ish shalom\git\linear_algebra_master\step_4_check_exercises\step_4a_matrix_reader\bison\debug\main.obj
c:\users\oren ish shalom\git\linear_algebra_master\step_4_check_exercises\step_4a_matrix_reader\bison\debug\nullable.obj
c:\users\oren ish shalom\git\linear_algebra_master\step_4_check_exercises\step_4a_matrix_reader\bison\debug\output.obj
c:\users\oren ish shalom\git\linear_algebra_master\step_4_check_exercises\step_4a_matrix_reader\bison\debug\print.obj
c:\users\oren ish shalom\git\linear_algebra_master\step_4_check_exercises\step_4a_matrix_reader\bison\debug\reader.obj
c:\users\oren ish shalom\git\linear_algebra_master\step_4_check_exercises\step_4a_matrix_reader\bison\debug\reduce.obj
c:\users\oren ish shalom\git\linear_algebra_master\step_4_check_exercises\step_4a_matrix_reader\bison\debug\symtab.obj
c:\users\oren ish shalom\git\linear_algebra_master\step_4_check_exercises\step_4a_matrix_reader\bison\debug\version.obj
c:\users\oren ish shalom\git\linear_algebra_master\step_4_check_exercises\step_4a_matrix_reader\bison\debug\warshall.obj
c:\users\oren ish shalom\git\linear_algebra_master\step_4_check_exercises\step_4a_matrix_reader\bison\debug\bison.write.1.tlog
c:\users\oren ish shalom\git\linear_algebra_master\step_4_check_exercises\step_4a_matrix_reader\bison\debug\cl.command.1.tlog
c:\users\oren ish shalom\git\linear_algebra_master\step_4_check_exercises\step_4a_matrix_reader\bison\debug\cl.read.1.tlog
c:\users\oren ish shalom\git\linear_algebra_master\step_4_check_exercises\step_4a_matrix_reader\bison\debug\cl.write.1.tlog
c:\users\oren ish shalom\git\linear_algebra_master\step_4_check_exercises\step_4a_matrix_reader\bison\debug\link-cvtres.read.1.tlog
c:\users\oren ish shalom\git\linear_algebra_master\step_4_check_exercises\step_4a_matrix_reader\bison\debug\link-cvtres.write.1.tlog
c:\users\oren ish shalom\git\linear_algebra_master\step_4_check_exercises\step_4a_matrix_reader\bison\debug\link.167804-cvtres.read.1.tlog
c:\users\oren ish shalom\git\linear_algebra_master\step_4_check_exercises\step_4a_matrix_reader\bison\debug\link.167804-cvtres.write.1.tlog
c:\users\oren ish shalom\git\linear_algebra_master\step_4_check_exercises\step_4a_matrix_reader\bison\debug\link.167804.read.1.tlog
c:\users\oren ish shalom\git\linear_algebra_master\step_4_check_exercises\step_4a_matrix_reader\bison\debug\link.167804.write.1.tlog
c:\users\oren ish shalom\git\linear_algebra_master\step_4_check_exercises\step_4a_matrix_reader\bison\debug\link.command.1.tlog
c:\users\oren ish shalom\git\linear_algebra_master\step_4_check_exercises\step_4a_matrix_reader\bison\debug\link.read.1.tlog
c:\users\oren ish shalom\git\linear_algebra_master\step_4_check_exercises\step_4a_matrix_reader\bison\debug\link.write.1.tlog
c:\users\oren ish shalom\git\linear_algebra_master\step_4_check_exercises\step_4a_matrix_reader\bison\debug\mt.command.1.tlog
c:\users\oren ish shalom\git\linear_algebra_master\step_4_check_exercises\step_4a_matrix_reader\bison\debug\mt.read.1.tlog
c:\users\oren ish shalom\git\linear_algebra_master\step_4_check_exercises\step_4a_matrix_reader\bison\debug\mt.write.1.tlog
c:\users\oren ish shalom\git\linear_algebra_master\step_4_check_exercises\step_4a_matrix_reader\bison\debug\rc.command.1.tlog
c:\users\oren ish shalom\git\linear_algebra_master\step_4_check_exercises\step_4a_matrix_reader\bison\debug\rc.read.1.tlog
c:\users\oren ish shalom\git\linear_algebra_master\step_4_check_exercises\step_4a_matrix_reader\bison\debug\rc.write.1.tlog
c:\users\oren ish shalom\git\linear_algebra_master\step_4_check_exercises\step_4a_matrix_reader\bison\debug\bison.exe.embed.manifest
c:\users\oren ish shalom\git\linear_algebra_master\step_4_check_exercises\step_4a_matrix_reader\bison\debug\bison.exe.intermediate.manifest
c:\users\oren ish shalom\git\linear_algebra_master\step_4_check_exercises\step_4a_matrix_reader\bison\debug\bison.exe.embed.manifest.res
c:\users\oren ish shalom\git\linear_algebra_master\step_4_check_exercises\step_4a_matrix_reader\bison\debug\vc100.idb
c:\users\oren ish shalom\git\linear_algebra_master\step_4_check_exercises\step_4a_matrix_reader\bison\debug\bison.pdb
c:\users\oren ish shalom\git\linear_algebra_master\step_4_check_exercises\step_4a_matrix_reader\bison\debug\vc100.pdb
c:\users\oren ish shalom\git\linear_algebra_master\step_4_check_exercises\step_4a_matrix_reader\bison\debug\bison_manifest.rc
c:\users\oren ish shalom\git\linear_algebra_master\step_4_check_exercises\step_4a_matrix_reader\bison\debug\bison.exe
