C:\USERS\OREN ISH SHALOM\GIT\LINEAR_ALGEBRA_MASTER\STEP_5_VISUAL_STUDIO\BISON_DRIVER\DEBUG\ALLOCA.OBJ
C:\USERS\OREN ISH SHALOM\GIT\LINEAR_ALGEBRA_MASTER\STEP_5_VISUAL_STUDIO\BISON_DRIVER\DEBUG\ALLOCATE.OBJ
C:\USERS\OREN ISH SHALOM\GIT\LINEAR_ALGEBRA_MASTER\STEP_5_VISUAL_STUDIO\BISON_DRIVER\DEBUG\BISON_DRIVER.EXE
C:\USERS\OREN ISH SHALOM\GIT\LINEAR_ALGEBRA_MASTER\STEP_5_VISUAL_STUDIO\BISON_DRIVER\DEBUG\BISON_DRIVER.EXE.EMBED.MANIFEST
C:\USERS\OREN ISH SHALOM\GIT\LINEAR_ALGEBRA_MASTER\STEP_5_VISUAL_STUDIO\BISON_DRIVER\DEBUG\BISON_DRIVER.EXE.EMBED.MANIFEST.RES
C:\USERS\OREN ISH SHALOM\GIT\LINEAR_ALGEBRA_MASTER\STEP_5_VISUAL_STUDIO\BISON_DRIVER\DEBUG\BISON_DRIVER.EXE.INTERMEDIATE.MANIFEST
C:\USERS\OREN ISH SHALOM\GIT\LINEAR_ALGEBRA_MASTER\STEP_5_VISUAL_STUDIO\BISON_DRIVER\DEBUG\BISON_DRIVER.ILK
C:\USERS\OREN ISH SHALOM\GIT\LINEAR_ALGEBRA_MASTER\STEP_5_VISUAL_STUDIO\BISON_DRIVER\DEBUG\BISON_DRIVER.PDB
C:\Users\Oren Ish Shalom\GIT\LINEAR_ALGEBRA_MASTER\STEP_5_VISUAL_STUDIO\BISON_DRIVER\Debug\BISON_DRIVER.vcxprojResolveAssemblyReference.cache
C:\Users\Oren Ish Shalom\GIT\LINEAR_ALGEBRA_MASTER\STEP_5_VISUAL_STUDIO\BISON_DRIVER\Debug\BISON_DRIVER.write.1.tlog
C:\Users\Oren Ish Shalom\GIT\LINEAR_ALGEBRA_MASTER\STEP_5_VISUAL_STUDIO\BISON_DRIVER\Debug\BISON_DRIVER_manifest.rc
C:\Users\Oren Ish Shalom\GIT\LINEAR_ALGEBRA_MASTER\STEP_5_VISUAL_STUDIO\BISON_DRIVER\Debug\cl.command.1.tlog
C:\Users\Oren Ish Shalom\GIT\LINEAR_ALGEBRA_MASTER\STEP_5_VISUAL_STUDIO\BISON_DRIVER\Debug\CL.read.1.tlog
C:\Users\Oren Ish Shalom\GIT\LINEAR_ALGEBRA_MASTER\STEP_5_VISUAL_STUDIO\BISON_DRIVER\Debug\CL.write.1.tlog
C:\USERS\OREN ISH SHALOM\GIT\LINEAR_ALGEBRA_MASTER\STEP_5_VISUAL_STUDIO\BISON_DRIVER\DEBUG\CLOSURE.OBJ
C:\USERS\OREN ISH SHALOM\GIT\LINEAR_ALGEBRA_MASTER\STEP_5_VISUAL_STUDIO\BISON_DRIVER\DEBUG\CONFLICTS.OBJ
C:\USERS\OREN ISH SHALOM\GIT\LINEAR_ALGEBRA_MASTER\STEP_5_VISUAL_STUDIO\BISON_DRIVER\DEBUG\DERIVES.OBJ
C:\USERS\OREN ISH SHALOM\GIT\LINEAR_ALGEBRA_MASTER\STEP_5_VISUAL_STUDIO\BISON_DRIVER\DEBUG\FILES.OBJ
C:\USERS\OREN ISH SHALOM\GIT\LINEAR_ALGEBRA_MASTER\STEP_5_VISUAL_STUDIO\BISON_DRIVER\DEBUG\GETARGS.OBJ
C:\USERS\OREN ISH SHALOM\GIT\LINEAR_ALGEBRA_MASTER\STEP_5_VISUAL_STUDIO\BISON_DRIVER\DEBUG\GETOPT.OBJ
C:\USERS\OREN ISH SHALOM\GIT\LINEAR_ALGEBRA_MASTER\STEP_5_VISUAL_STUDIO\BISON_DRIVER\DEBUG\GETOPT1.OBJ
C:\USERS\OREN ISH SHALOM\GIT\LINEAR_ALGEBRA_MASTER\STEP_5_VISUAL_STUDIO\BISON_DRIVER\DEBUG\GRAM.OBJ
C:\USERS\OREN ISH SHALOM\GIT\LINEAR_ALGEBRA_MASTER\STEP_5_VISUAL_STUDIO\BISON_DRIVER\DEBUG\LALR.OBJ
C:\USERS\OREN ISH SHALOM\GIT\LINEAR_ALGEBRA_MASTER\STEP_5_VISUAL_STUDIO\BISON_DRIVER\DEBUG\LEX.OBJ
C:\Users\Oren Ish Shalom\GIT\LINEAR_ALGEBRA_MASTER\STEP_5_VISUAL_STUDIO\BISON_DRIVER\Debug\link.12580.read.1.tlog
C:\Users\Oren Ish Shalom\GIT\LINEAR_ALGEBRA_MASTER\STEP_5_VISUAL_STUDIO\BISON_DRIVER\Debug\link.12580.write.1.tlog
C:\Users\Oren Ish Shalom\GIT\LINEAR_ALGEBRA_MASTER\STEP_5_VISUAL_STUDIO\BISON_DRIVER\Debug\link.12580-cvtres.read.1.tlog
C:\Users\Oren Ish Shalom\GIT\LINEAR_ALGEBRA_MASTER\STEP_5_VISUAL_STUDIO\BISON_DRIVER\Debug\link.12580-cvtres.write.1.tlog
C:\Users\Oren Ish Shalom\GIT\LINEAR_ALGEBRA_MASTER\STEP_5_VISUAL_STUDIO\BISON_DRIVER\Debug\link.command.1.tlog
C:\Users\Oren Ish Shalom\GIT\LINEAR_ALGEBRA_MASTER\STEP_5_VISUAL_STUDIO\BISON_DRIVER\Debug\link.read.1.tlog
C:\Users\Oren Ish Shalom\GIT\LINEAR_ALGEBRA_MASTER\STEP_5_VISUAL_STUDIO\BISON_DRIVER\Debug\link.write.1.tlog
C:\Users\Oren Ish Shalom\GIT\LINEAR_ALGEBRA_MASTER\STEP_5_VISUAL_STUDIO\BISON_DRIVER\Debug\link-cvtres.read.1.tlog
C:\Users\Oren Ish Shalom\GIT\LINEAR_ALGEBRA_MASTER\STEP_5_VISUAL_STUDIO\BISON_DRIVER\Debug\link-cvtres.write.1.tlog
C:\USERS\OREN ISH SHALOM\GIT\LINEAR_ALGEBRA_MASTER\STEP_5_VISUAL_STUDIO\BISON_DRIVER\DEBUG\LR0.OBJ
C:\USERS\OREN ISH SHALOM\GIT\LINEAR_ALGEBRA_MASTER\STEP_5_VISUAL_STUDIO\BISON_DRIVER\DEBUG\MAIN.OBJ
C:\Users\Oren Ish Shalom\GIT\LINEAR_ALGEBRA_MASTER\STEP_5_VISUAL_STUDIO\BISON_DRIVER\Debug\mt.command.1.tlog
C:\Users\Oren Ish Shalom\GIT\LINEAR_ALGEBRA_MASTER\STEP_5_VISUAL_STUDIO\BISON_DRIVER\Debug\mt.read.1.tlog
C:\Users\Oren Ish Shalom\GIT\LINEAR_ALGEBRA_MASTER\STEP_5_VISUAL_STUDIO\BISON_DRIVER\Debug\mt.write.1.tlog
C:\USERS\OREN ISH SHALOM\GIT\LINEAR_ALGEBRA_MASTER\STEP_5_VISUAL_STUDIO\BISON_DRIVER\DEBUG\NULLABLE.OBJ
C:\USERS\OREN ISH SHALOM\GIT\LINEAR_ALGEBRA_MASTER\STEP_5_VISUAL_STUDIO\BISON_DRIVER\DEBUG\OUTPUT.OBJ
C:\USERS\OREN ISH SHALOM\GIT\LINEAR_ALGEBRA_MASTER\STEP_5_VISUAL_STUDIO\BISON_DRIVER\DEBUG\PRINT.OBJ
C:\Users\Oren Ish Shalom\GIT\LINEAR_ALGEBRA_MASTER\STEP_5_VISUAL_STUDIO\BISON_DRIVER\Debug\rc.command.1.tlog
C:\Users\Oren Ish Shalom\GIT\LINEAR_ALGEBRA_MASTER\STEP_5_VISUAL_STUDIO\BISON_DRIVER\Debug\rc.read.1.tlog
C:\Users\Oren Ish Shalom\GIT\LINEAR_ALGEBRA_MASTER\STEP_5_VISUAL_STUDIO\BISON_DRIVER\Debug\rc.write.1.tlog
C:\USERS\OREN ISH SHALOM\GIT\LINEAR_ALGEBRA_MASTER\STEP_5_VISUAL_STUDIO\BISON_DRIVER\DEBUG\READER.OBJ
C:\USERS\OREN ISH SHALOM\GIT\LINEAR_ALGEBRA_MASTER\STEP_5_VISUAL_STUDIO\BISON_DRIVER\DEBUG\REDUCE.OBJ
C:\USERS\OREN ISH SHALOM\GIT\LINEAR_ALGEBRA_MASTER\STEP_5_VISUAL_STUDIO\BISON_DRIVER\DEBUG\SYMTAB.OBJ
C:\Users\Oren Ish Shalom\GIT\LINEAR_ALGEBRA_MASTER\STEP_5_VISUAL_STUDIO\BISON_DRIVER\Debug\vc100.idb
C:\USERS\OREN ISH SHALOM\GIT\LINEAR_ALGEBRA_MASTER\STEP_5_VISUAL_STUDIO\BISON_DRIVER\DEBUG\VC100.PDB
C:\USERS\OREN ISH SHALOM\GIT\LINEAR_ALGEBRA_MASTER\STEP_5_VISUAL_STUDIO\BISON_DRIVER\DEBUG\VERSION.OBJ
C:\USERS\OREN ISH SHALOM\GIT\LINEAR_ALGEBRA_MASTER\STEP_5_VISUAL_STUDIO\BISON_DRIVER\DEBUG\WARSHALL.OBJ
